<?xml version="1.0" encoding="UTF-8"?>
<testng-results skipped="0" failed="0" total="1" passed="1">
  <reporter-output>
  </reporter-output>
  <suite name="Default suite" duration-ms="20517" started-at="2020-08-23T15:05:34Z" finished-at="2020-08-23T15:05:54Z">
    <groups>
    </groups>
    <test name="Default test" duration-ms="20517" started-at="2020-08-23T15:05:34Z" finished-at="2020-08-23T15:05:54Z">
      <class name="com.test.SeleniumTest.ChromeTest">
        <test-method status="PASS" signature="setupClass()[pri:0, instance:com.test.SeleniumTest.ChromeTest@20e2cbe0]" name="setupClass" is-config="true" duration-ms="2656" started-at="2020-08-23T20:35:31Z" finished-at="2020-08-23T20:35:34Z">
          <reporter-output>
          </reporter-output>
        </test-method> <!-- setupClass -->
        <test-method status="PASS" signature="setupTest()[pri:0, instance:com.test.SeleniumTest.ChromeTest@20e2cbe0]" name="setupTest" is-config="true" duration-ms="12315" started-at="2020-08-23T20:35:34Z" finished-at="2020-08-23T20:35:46Z">
          <reporter-output>
          </reporter-output>
        </test-method> <!-- setupTest -->
        <test-method status="PASS" signature="test()[pri:0, instance:com.test.SeleniumTest.ChromeTest@20e2cbe0]" name="test" duration-ms="5312" started-at="2020-08-23T20:35:46Z" finished-at="2020-08-23T20:35:51Z">
          <reporter-output>
          </reporter-output>
        </test-method> <!-- test -->
        <test-method status="PASS" signature="teardown()[pri:0, instance:com.test.SeleniumTest.ChromeTest@20e2cbe0]" name="teardown" is-config="true" duration-ms="2856" started-at="2020-08-23T20:35:51Z" finished-at="2020-08-23T20:35:54Z">
          <reporter-output>
          </reporter-output>
        </test-method> <!-- teardown -->
      </class> <!-- com.test.SeleniumTest.ChromeTest -->
    </test> <!-- Default test -->
  </suite> <!-- Default suite -->
</testng-results>
